#
# There is insufficient memory for the Java Runtime Environment to continue.
# Native memory allocation (malloc) failed to allocate 838256 bytes for Chunk::new
# Possible reasons:
#   The system is out of physical RAM or swap space
#   In 32 bit mode, the process size limit was hit
# Possible solutions:
#   Reduce memory load on the system
#   Increase physical memory or swap space
#   Check if swap backing store is full
#   Use 64 bit Java on a 64 bit OS
#   Decrease Java heap size (-Xmx/-Xms)
#   Decrease number of Java threads
#   Decrease Java thread stack sizes (-Xss)
#   Set larger code cache with -XX:ReservedCodeCacheSize=
# This output file may be truncated or incomplete.
#
#  Out of Memory Error (allocation.cpp:323), pid=7728, tid=980
#
# JRE version: Java(TM) SE Runtime Environment (7.0_79-b15) (build 1.7.0_79-b15)
# Java VM: Java HotSpot(TM) 64-Bit Server VM (24.79-b02 mixed mode windows-amd64 compressed oops)
# Failed to write core dump. Minidumps are not enabled by default on client versions of Windows
#

---------------  T H R E A D  ---------------

Current thread (0x00000000086d3800):  JavaThread "C2 CompilerThread0" daemon [_thread_in_native, id=980, stack(0x0000000009c50000,0x0000000009d50000)]

Stack: [0x0000000009c50000,0x0000000009d50000]

Current CompileTask:
C2:  12103  619             java.beans.Introspector::getTargetMethodInfo (255 bytes)


---------------  P R O C E S S  ---------------

Java Threads: ( => current thread )
  0x000000000b01c000 JavaThread "File lock request listener" [_thread_in_native, id=8928, stack(0x000000000c710000,0x000000000c810000)]
  0x000000000a941000 JavaThread "Stdin handler" [_thread_blocked, id=8048, stack(0x000000000c610000,0x000000000c710000)]
  0x000000000a940000 JavaThread "Daemon worker" [_thread_in_Java, id=7220, stack(0x000000000c510000,0x000000000c610000)]
  0x000000000ae1e800 JavaThread "Cancel handler" [_thread_blocked, id=868, stack(0x000000000c410000,0x000000000c510000)]
  0x000000000ac98000 JavaThread "Handler for socket connection from /127.0.0.1:64519 to /127.0.0.1:64520" [_thread_in_native, id=4540, stack(0x000000000c310000,0x000000000c410000)]
  0x000000000ab06000 JavaThread "Daemon" [_thread_blocked, id=3692, stack(0x000000000c210000,0x000000000c310000)]
  0x000000000aa2b800 JavaThread "Incoming local TCP Connector on port 64519" [_thread_in_native, id=8936, stack(0x000000000a450000,0x000000000a550000)]
  0x00000000086ef000 JavaThread "Service Thread" daemon [_thread_blocked, id=9148, stack(0x0000000009e50000,0x0000000009f50000)]
  0x00000000086d5800 JavaThread "C2 CompilerThread1" daemon [_thread_in_native, id=7748, stack(0x0000000009d50000,0x0000000009e50000)]
=>0x00000000086d3800 JavaThread "C2 CompilerThread0" daemon [_thread_in_native, id=980, stack(0x0000000009c50000,0x0000000009d50000)]
  0x00000000086d2800 JavaThread "Attach Listener" daemon [_thread_blocked, id=9200, stack(0x0000000009b50000,0x0000000009c50000)]
  0x00000000086cf800 JavaThread "Signal Dispatcher" daemon [_thread_blocked, id=8160, stack(0x0000000009a50000,0x0000000009b50000)]
  0x000000000869f800 JavaThread "Finalizer" daemon [_thread_blocked, id=2464, stack(0x0000000009950000,0x0000000009a50000)]
  0x0000000008695000 JavaThread "Reference Handler" daemon [_thread_blocked, id=1572, stack(0x0000000009850000,0x0000000009950000)]
  0x0000000002090800 JavaThread "main" [_thread_blocked, id=8648, stack(0x0000000001f50000,0x0000000002050000)]

Other Threads:
  0x0000000008690800 VMThread [stack: 0x0000000009750000,0x0000000009850000] [id=1520]
  0x00000000086fb000 WatcherThread [stack: 0x0000000009f50000,0x000000000a050000] [id=5116]

VM state:not at safepoint (normal execution)

VM Mutex/Monitor currently owned by a thread: None

Heap
 PSYoungGen      total 111616K, used 48522K [0x00000000eaa80000, 0x00000000f1e00000, 0x0000000100000000)
  eden space 104960K, 39% used [0x00000000eaa80000,0x00000000ed364eb0,0x00000000f1100000)
  from space 6656K, 99% used [0x00000000f1100000,0x00000000f177db80,0x00000000f1780000)
  to   space 6656K, 0% used [0x00000000f1780000,0x00000000f1780000,0x00000000f1e00000)
 ParOldGen       total 42496K, used 21577K [0x00000000c0000000, 0x00000000c2980000, 0x00000000eaa80000)
  object space 42496K, 50% used [0x00000000c0000000,0x00000000c1512438,0x00000000c2980000)
 PSPermGen       total 34304K, used 34293K [0x00000000b0000000, 0x00000000b2180000, 0x00000000c0000000)
  object space 34304K, 99% used [0x00000000b0000000,0x00000000b217d750,0x00000000b2180000)

Card table byte_map: [0x0000000005260000,0x00000000054f0000] byte_map_base: 0x0000000004ce0000

Polling page: 0x00000000001f0000

Code Cache  [0x0000000002260000, 0x0000000002550000, 0x0000000005260000)
 total_blobs=1196 nmethods=598 adapters=550 free_code_cache=46257Kb largest_free_block=47311168

Compilation events (10 events):
Event: 11.829 Thread 0x00000000086d5800 nmethod 627 0x00000000025231d0 code [0x0000000002523300, 0x0000000002523358]
Event: 11.829 Thread 0x00000000086d5800  628             java.util.HashMap$ValueIterator::next (8 bytes)
Event: 11.833 Thread 0x00000000086d5800 nmethod 628 0x0000000002529910 code [0x0000000002529a60, 0x0000000002529c38]
Event: 11.833 Thread 0x00000000086d5800  629             java.util.Formatter::checkText (58 bytes)
Event: 11.837 Thread 0x00000000086d5800 nmethod 629 0x0000000002522d90 code [0x0000000002522ee0, 0x00000000025230a8]
Event: 11.837 Thread 0x00000000086d5800  630             java.util.regex.Pattern$Branch::match (66 bytes)
Event: 11.843 Thread 0x00000000086d5800 nmethod 630 0x000000000233d790 code [0x000000000233d900, 0x000000000233db98]
Event: 11.843 Thread 0x00000000086d5800  631             org.codehaus.groovy.runtime.metaclass.MetaMethodIndex::addMethodToList (290 bytes)
Event: 11.883 Thread 0x00000000086d5800 nmethod 631 0x0000000002530c90 code [0x0000000002530f80, 0x00000000025322b0]
Event: 11.884 Thread 0x00000000086d5800  632             com.sun.beans.TypeResolver::resolve (37 bytes)

GC Heap History (10 events):
Event: 5.736 GC heap before
{Heap before GC invocations=9 (full 0):
 PSYoungGen      total 72192K, used 67720K [0x00000000eaa80000, 0x00000000ef780000, 0x0000000100000000)
  eden space 65536K, 100% used [0x00000000eaa80000,0x00000000eea80000,0x00000000eea80000)
  from space 6656K, 32% used [0x00000000ef100000,0x00000000ef3220e0,0x00000000ef780000)
  to   space 6656K, 0% used [0x00000000eea80000,0x00000000eea80000,0x00000000ef100000)
 ParOldGen       total 42496K, used 9558K [0x00000000c0000000, 0x00000000c2980000, 0x00000000eaa80000)
  object space 42496K, 22% used [0x00000000c0000000,0x00000000c0955848,0x00000000c2980000)
 PSPermGen       total 21504K, used 20370K [0x00000000b0000000, 0x00000000b1500000, 0x00000000c0000000)
  object space 21504K, 94% used [0x00000000b0000000,0x00000000b13e4b50,0x00000000b1500000)
Event: 5.741 GC heap after
Heap after GC invocations=9 (full 0):
 PSYoungGen      total 72192K, used 1636K [0x00000000eaa80000, 0x00000000f1e00000, 0x0000000100000000)
  eden space 65536K, 0% used [0x00000000eaa80000,0x00000000eaa80000,0x00000000eea80000)
  from space 6656K, 24% used [0x00000000eea80000,0x00000000eec190e0,0x00000000ef100000)
  to   space 6656K, 0% used [0x00000000f1780000,0x00000000f1780000,0x00000000f1e00000)
 ParOldGen       total 42496K, used 10442K [0x00000000c0000000, 0x00000000c2980000, 0x00000000eaa80000)
  object space 42496K, 24% used [0x00000000c0000000,0x00000000c0a32b58,0x00000000c2980000)
 PSPermGen       total 21504K, used 20370K [0x00000000b0000000, 0x00000000b1500000, 0x00000000c0000000)
  object space 21504K, 94% used [0x00000000b0000000,0x00000000b13e4b50,0x00000000b1500000)
}
Event: 6.657 GC heap before
{Heap before GC invocations=10 (full 0):
 PSYoungGen      total 72192K, used 67172K [0x00000000eaa80000, 0x00000000f1e00000, 0x0000000100000000)
  eden space 65536K, 100% used [0x00000000eaa80000,0x00000000eea80000,0x00000000eea80000)
  from space 6656K, 24% used [0x00000000eea80000,0x00000000eec190e0,0x00000000ef100000)
  to   space 6656K, 0% used [0x00000000f1780000,0x00000000f1780000,0x00000000f1e00000)
 ParOldGen       total 42496K, used 10442K [0x00000000c0000000, 0x00000000c2980000, 0x00000000eaa80000)
  object space 42496K, 24% used [0x00000000c0000000,0x00000000c0a32b58,0x00000000c2980000)
 PSPermGen       total 22528K, used 22499K [0x00000000b0000000, 0x00000000b1600000, 0x00000000c0000000)
  object space 22528K, 99% used [0x00000000b0000000,0x00000000b15f8db0,0x00000000b1600000)
Event: 6.665 GC heap after
Heap after GC invocations=10 (full 0):
 PSYoungGen      total 111616K, used 3400K [0x00000000eaa80000, 0x00000000f1e00000, 0x0000000100000000)
  eden space 104960K, 0% used [0x00000000eaa80000,0x00000000eaa80000,0x00000000f1100000)
  from space 6656K, 51% used [0x00000000f1780000,0x00000000f1ad23b8,0x00000000f1e00000)
  to   space 6656K, 0% used [0x00000000f1100000,0x00000000f1100000,0x00000000f1780000)
 ParOldGen       total 42496K, used 11643K [0x00000000c0000000, 0x00000000c2980000, 0x00000000eaa80000)
  object space 42496K, 27% used [0x00000000c0000000,0x00000000c0b5ec88,0x00000000c2980000)
 PSPermGen       total 22528K, used 22499K [0x00000000b0000000, 0x00000000b1600000, 0x00000000c0000000)
  object space 22528K, 99% used [0x00000000b0000000,0x00000000b15f8db0,0x00000000b1600000)
}
Event: 7.231 GC heap before
{Heap before GC invocations=11 (full 0):
 PSYoungGen      total 111616K, used 108360K [0x00000000eaa80000, 0x00000000f1e00000, 0x0000000100000000)
  eden space 104960K, 100% used [0x00000000eaa80000,0x00000000f1100000,0x00000000f1100000)
  from space 6656K, 51% used [0x00000000f1780000,0x00000000f1ad23b8,0x00000000f1e00000)
  to   space 6656K, 0% used [0x00000000f1100000,0x00000000f1100000,0x00000000f1780000)
 ParOldGen       total 42496K, used 11643K [0x00000000c0000000, 0x00000000c2980000, 0x00000000eaa80000)
  object space 42496K, 27% used [0x00000000c0000000,0x00000000c0b5ec88,0x00000000c2980000)
 PSPermGen       total 22528K, used 22506K [0x00000000b0000000, 0x00000000b1600000, 0x00000000c0000000)
  object space 22528K, 99% used [0x00000000b0000000,0x00000000b15faa70,0x00000000b1600000)
Event: 7.235 GC heap after
Heap after GC invocations=11 (full 0):
 PSYoungGen      total 111616K, used 640K [0x00000000eaa80000, 0x00000000f1e00000, 0x0000000100000000)
  eden space 104960K, 0% used [0x00000000eaa80000,0x00000000eaa80000,0x00000000f1100000)
  from space 6656K, 9% used [0x00000000f1100000,0x00000000f11a0010,0x00000000f1780000)
  to   space 6656K, 0% used [0x00000000f1780000,0x00000000f1780000,0x00000000f1e00000)
 ParOldGen       total 42496K, used 13855K [0x00000000c0000000, 0x00000000c2980000, 0x00000000eaa80000)
  object space 42496K, 32% used [0x00000000c0000000,0x00000000c0d87cb8,0x00000000c2980000)
 PSPermGen       total 22528K, used 22506K [0x00000000b0000000, 0x00000000b1600000, 0x00000000c0000000)
  object space 22528K, 99% used [0x00000000b0000000,0x00000000b15faa70,0x00000000b1600000)
}
Event: 8.420 GC heap before
{Heap before GC invocations=12 (full 0):
 PSYoungGen      total 111616K, used 105600K [0x00000000eaa80000, 0x00000000f1e00000, 0x0000000100000000)
  eden space 104960K, 100% used [0x00000000eaa80000,0x00000000f1100000,0x00000000f1100000)
  from space 6656K, 9% used [0x00000000f1100000,0x00000000f11a0010,0x00000000f1780000)
  to   space 6656K, 0% used [0x00000000f1780000,0x00000000f1780000,0x00000000f1e00000)
 ParOldGen       total 42496K, used 13855K [0x00000000c0000000, 0x00000000c2980000, 0x00000000eaa80000)
  object space 42496K, 32% used [0x00000000c0000000,0x00000000c0d87cb8,0x00000000c2980000)
 PSPermGen       total 24576K, used 24367K [0x00000000b0000000, 0x00000000b1800000, 0x00000000c0000000)
  object space 24576K, 99% used [0x00000000b0000000,0x00000000b17cbd10,0x00000000b1800000)
Event: 8.431 GC heap after
Heap after GC invocations=12 (full 0):
 PSYoungGen      total 111616K, used 5790K [0x00000000eaa80000, 0x00000000f1e00000, 0x0000000100000000)
  eden space 104960K, 0% used [0x00000000eaa80000,0x00000000eaa80000,0x00000000f1100000)
  from space 6656K, 87% used [0x00000000f1780000,0x00000000f1d27b10,0x00000000f1e00000)
  to   space 6656K, 0% used [0x00000000f1100000,0x00000000f1100000,0x00000000f1780000)
 ParOldGen       total 42496K, used 14435K [0x00000000c0000000, 0x00000000c2980000, 0x00000000eaa80000)
  object space 42496K, 33% used [0x00000000c0000000,0x00000000c0e18db8,0x00000000c2980000)
 PSPermGen       total 24576K, used 24367K [0x00000000b0000000, 0x00000000b1800000, 0x00000000c0000000)
  object space 24576K, 99% used [0x00000000b0000000,0x00000000b17cbd10,0x00000000b1800000)
}
Event: 11.294 GC heap before
{Heap before GC invocations=13 (full 0):
 PSYoungGen      total 111616K, used 110750K [0x00000000eaa80000, 0x00000000f1e00000, 0x0000000100000000)
  eden space 104960K, 100% used [0x00000000eaa80000,0x00000000f1100000,0x00000000f1100000)
  from space 6656K, 87% used [0x00000000f1780000,0x00000000f1d27b10,0x00000000f1e00000)
  to   space 6656K, 0% used [0x00000000f1100000,0x00000000f1100000,0x00000000f1780000)
 ParOldGen       total 42496K, used 14435K [0x00000000c0000000, 0x00000000c2980000, 0x00000000eaa80000)
  object space 42496K, 33% used [0x00000000c0000000,0x00000000c0e18db8,0x00000000c2980000)
 PSPermGen       total 32768K, used 32309K [0x00000000b0000000, 0x00000000b2000000, 0x00000000c0000000)
  object space 32768K, 98% used [0x00000000b0000000,0x00000000b1f8d568,0x00000000b2000000)
Event: 11.313 GC heap after
Heap after GC invocations=13 (full 0):
 PSYoungGen      total 111616K, used 6646K [0x00000000eaa80000, 0x00000000f1e00000, 0x0000000100000000)
  eden space 104960K, 0% used [0x00000000eaa80000,0x00000000eaa80000,0x00000000f1100000)
  from space 6656K, 99% used [0x00000000f1100000,0x00000000f177db80,0x00000000f1780000)
  to   space 6656K, 0% used [0x00000000f1780000,0x00000000f1780000,0x00000000f1e00000)
 ParOldGen       total 42496K, used 21577K [0x00000000c0000000, 0x00000000c2980000, 0x00000000eaa80000)
  object space 42496K, 50% used [0x00000000c0000000,0x00000000c1512438,0x00000000c2980000)
 PSPermGen       total 32768K, used 32309K [0x00000000b0000000, 0x00000000b2000000, 0x00000000c0000000)
  object space 32768K, 98% used [0x00000000b0000000,0x00000000b1f8d568,0x00000000b2000000)
}

Deoptimization events (10 events):
Event: 10.905 Thread 0x000000000a940000 Uncommon trap: reason=class_check action=maybe_recompile pc=0x00000000024edc00 method=java.util.Hashtable.put(Ljava/lang/Object;Ljava/lang/Object;)Ljava/lang/Object; @ 61
Event: 10.906 Thread 0x000000000a940000 Uncommon trap: reason=class_check action=maybe_recompile pc=0x00000000024edc00 method=java.util.Hashtable.put(Ljava/lang/Object;Ljava/lang/Object;)Ljava/lang/Object; @ 61
Event: 10.927 Thread 0x000000000a940000 Uncommon trap: reason=unreached action=reinterpret pc=0x00000000024d7c00 method=org.codehaus.groovy.runtime.metaclass.MetaMethodIndex.copyNonPrivateNonNewMetaMethods(Lorg/codehaus/groovy/runtime/metaclass/MetaMethodIndex$Entry;Lorg/codehaus/groovy/runtime/[;¥ØÚ%@
Event: 10.927 Thread 0x000000000a940000 Uncommon trap: reason=unreached action=reinterpret pc=0x00000000024a38a0 method=groovy.lang.MetaClassImpl$1MOPIter.methodNameAction(Ljava/lang/Class;Lorg/codehaus/groovy/runtime/metaclass/MetaMethodIndex$Entry;)V @ 259
Event: 10.991 Thread 0x000000000a940000 Uncommon trap: reason=unreached action=reinterpret pc=0x00000000022d97c4 method=java.util.Properties$LineReader.readLine()I @ 97
Event: 11.264 Thread 0x000000000a940000 Uncommon trap: reason=unreached action=reinterpret pc=0x000000000230ec9c method=java.util.HashMap.put(Ljava/lang/Object;Ljava/lang/Object;)Ljava/lang/Object; @ 19
Event: 11.287 Thread 0x000000000a940000 Uncommon trap: reason=class_check action=maybe_recompile pc=0x0000000002489828 method=org.codehaus.groovy.runtime.metaclass.MetaMethodIndex.addMethodToList(Ljava/lang/Object;Lgroovy/lang/MetaMethod;)Ljava/lang/Object; @ 218
Event: 11.287 Thread 0x000000000a940000 Uncommon trap: reason=class_check action=maybe_recompile pc=0x0000000002489828 method=org.codehaus.groovy.runtime.metaclass.MetaMethodIndex.addMethodToList(Ljava/lang/Object;Lgroovy/lang/MetaMethod;)Ljava/lang/Object; @ 218
Event: 11.466 Thread 0x000000000a940000 Uncommon trap: reason=predicate action=maybe_recompile pc=0x00000000024997cc method=java.util.ComparableTimSort.binarySort([Ljava/lang/Object;III)V @ 37
Event: 11.868 Thread 0x000000000a940000 Uncommon trap: reason=bimorphic action=maybe_recompile pc=0x0000000002460564 method=java.util.HashMap$KeySet.iterator()Ljava/util/Iterator; @ 4

Internal exceptions (10 events):
Event: 12.074 Thread 0x000000000a940000 Threw 0x00000000ed1d80f0 at C:\re\jdk7u79\2331\hotspot\src\share\vm\prims\jvm.cpp:1304
Event: 12.075 Thread 0x000000000a940000 Threw 0x00000000ed1df6f0 at C:\re\jdk7u79\2331\hotspot\src\share\vm\prims\jvm.cpp:1304
Event: 12.076 Thread 0x000000000a940000 Threw 0x00000000ed1e6c80 at C:\re\jdk7u79\2331\hotspot\src\share\vm\prims\jvm.cpp:1304
Event: 12.077 Thread 0x000000000a940000 Threw 0x00000000ed1f1430 at C:\re\jdk7u79\2331\hotspot\src\share\vm\prims\jvm.cpp:1304
Event: 12.078 Thread 0x000000000a940000 Threw 0x00000000ed1f86c0 at C:\re\jdk7u79\2331\hotspot\src\share\vm\prims\jvm.cpp:1304
Event: 12.079 Thread 0x000000000a940000 Threw 0x00000000ed1f98d0 at C:\re\jdk7u79\2331\hotspot\src\share\vm\prims\jvm.cpp:1304
Event: 12.081 Thread 0x000000000a940000 Threw 0x00000000ed1fead8 at C:\re\jdk7u79\2331\hotspot\src\share\vm\prims\jvm.cpp:1304
Event: 12.084 Thread 0x000000000a940000 Threw 0x00000000ed1ffcb8 at C:\re\jdk7u79\2331\hotspot\src\share\vm\prims\jvm.cpp:1304
Event: 12.084 Thread 0x000000000a940000 Threw 0x00000000ed200dc0 at C:\re\jdk7u79\2331\hotspot\src\share\vm\prims\jvm.cpp:1304
Event: 12.084 Thread 0x000000000a940000 Threw 0x00000000ed206b78 at C:\re\jdk7u79\2331\hotspot\src\share\vm\prims\jvm.cpp:1304

Events (10 events):
Event: 12.077 loading class 0x000000000cd21f10
Event: 12.077 loading class 0x000000000cd21f10 done
Event: 12.078 loading class 0x000000000b903620
Event: 12.078 loading class 0x000000000b903620 done
Event: 12.079 loading class 0x000000000cd227d0
Event: 12.079 loading class 0x000000000cd227d0 done
Event: 12.080 loading class 0x000000000b9025e0
Event: 12.080 loading class 0x000000000b9025e0 done
Event: 12.081 loading class 0x000000000b9025e0
Event: 12.081 loading class 0x000000000b9025e0 done


Dynamic libraries:
0x00007ff75bfa0000 - 0x00007ff75bfd3000 	C:\Program Files\Java\jdk1.7.0_79\bin\java.exe
0x00007ffb84d50000 - 0x00007ffb84f11000 	C:\WINDOWS\SYSTEM32\ntdll.dll
0x00007ffb82260000 - 0x00007ffb8230d000 	C:\WINDOWS\system32\KERNEL32.DLL
0x00007ffb81ef0000 - 0x00007ffb820d8000 	C:\WINDOWS\system32\KERNELBASE.dll
0x00007ffb82ad0000 - 0x00007ffb82b77000 	C:\WINDOWS\system32\ADVAPI32.dll
0x00007ffb83680000 - 0x00007ffb8371d000 	C:\WINDOWS\system32\msvcrt.dll
0x00007ffb82be0000 - 0x00007ffb82c3b000 	C:\WINDOWS\system32\sechost.dll
0x00007ffb82140000 - 0x00007ffb8225c000 	C:\WINDOWS\system32\RPCRT4.dll
0x00007ffb82e20000 - 0x00007ffb82f76000 	C:\WINDOWS\system32\USER32.dll
0x00007ffb82400000 - 0x00007ffb82586000 	C:\WINDOWS\system32\GDI32.dll
0x00007ffb74930000 - 0x00007ffb74ba4000 	C:\WINDOWS\WinSxS\amd64_microsoft.windows.common-controls_6595b64144ccf1df_6.0.10586.0_none_8c15ae12515e1c22\COMCTL32.dll
0x00007ffb82590000 - 0x00007ffb8280d000 	C:\WINDOWS\system32\combase.dll
0x00007ffb81cb0000 - 0x00007ffb81d1a000 	C:\WINDOWS\system32\bcryptPrimitives.dll
0x00007ffb82c40000 - 0x00007ffb82c7b000 	C:\WINDOWS\system32\IMM32.DLL
0x000000006dbf0000 - 0x000000006dcc2000 	C:\Program Files\Java\jdk1.7.0_79\jre\bin\msvcr100.dll
0x000000006e140000 - 0x000000006e915000 	C:\Program Files\Java\jdk1.7.0_79\jre\bin\server\jvm.dll
0x00007ffb82310000 - 0x00007ffb82318000 	C:\WINDOWS\system32\PSAPI.DLL
0x00007ffb766c0000 - 0x00007ffb766c9000 	C:\WINDOWS\SYSTEM32\WSOCK32.dll
0x00007ffb82390000 - 0x00007ffb823fb000 	C:\WINDOWS\system32\WS2_32.dll
0x00007ffb7f690000 - 0x00007ffb7f6b3000 	C:\WINDOWS\SYSTEM32\WINMM.dll
0x00007ffb7f610000 - 0x00007ffb7f63c000 	C:\WINDOWS\SYSTEM32\WINMMBASE.dll
0x00007ffb820e0000 - 0x00007ffb82123000 	C:\WINDOWS\system32\cfgmgr32.dll
0x000000006eb60000 - 0x000000006eb6f000 	C:\Program Files\Java\jdk1.7.0_79\jre\bin\verify.dll
0x000000006eb30000 - 0x000000006eb58000 	C:\Program Files\Java\jdk1.7.0_79\jre\bin\java.dll
0x000000006e120000 - 0x000000006e135000 	C:\Program Files\Java\jdk1.7.0_79\jre\bin\zip.dll
0x000000006e100000 - 0x000000006e11a000 	C:\Program Files\Java\jdk1.7.0_79\jre\bin\net.dll
0x00007ffb80c20000 - 0x00007ffb80c7c000 	C:\WINDOWS\system32\mswsock.dll
0x000000006dfc0000 - 0x000000006dfd1000 	C:\Program Files\Java\jdk1.7.0_79\jre\bin\nio.dll
0x00007ffb77ec0000 - 0x00007ffb77ed2000 	C:\Users\Surbhi Bhattar\.gradle\native\19\windows-amd64\native-platform.dll
0x00007ffb82b80000 - 0x00007ffb82bd2000 	C:\WINDOWS\system32\SHLWAPI.dll
0x00007ffb7e540000 - 0x00007ffb7e578000 	C:\WINDOWS\SYSTEM32\IPHLPAPI.DLL
0x00007ffb82130000 - 0x00007ffb82138000 	C:\WINDOWS\system32\NSI.dll
0x00007ffb7e520000 - 0x00007ffb7e536000 	C:\WINDOWS\SYSTEM32\dhcpcsvc6.DLL
0x00007ffb7e500000 - 0x00007ffb7e51a000 	C:\WINDOWS\SYSTEM32\dhcpcsvc.DLL
0x00007ffb80cd0000 - 0x00007ffb80ce7000 	C:\WINDOWS\SYSTEM32\CRYPTSP.dll
0x00007ffb80960000 - 0x00007ffb80994000 	C:\WINDOWS\system32\rsaenh.dll
0x00007ffb81280000 - 0x00007ffb812a9000 	C:\WINDOWS\SYSTEM32\bcrypt.dll
0x00007ffb80ab0000 - 0x00007ffb80acf000 	C:\WINDOWS\SYSTEM32\USERENV.dll
0x00007ffb813b0000 - 0x00007ffb813c4000 	C:\WINDOWS\system32\profapi.dll
0x00007ffb81270000 - 0x00007ffb8127b000 	C:\WINDOWS\SYSTEM32\CRYPTBASE.dll
0x000000006eb70000 - 0x000000006eb7b000 	C:\Program Files\Java\jdk1.7.0_79\jre\bin\management.dll

VM Arguments:
jvm_args: -XX:MaxPermSize=256m -XX:+HeapDumpOnOutOfMemoryError -Xmx1024m -Dfile.encoding=windows-1252 -Duser.country=US -Duser.language=en -Duser.variant 
java_command: org.gradle.launcher.daemon.bootstrap.GradleDaemon 2.4 C:\Users\Surbhi Bhattar\.gradle C:\Users\Surbhi Bhattar\.gradle\daemon 10800000 701aaf2a-93e6-47bc-a62c-c9311c90ec96 -XX:MaxPermSize=256m -XX:+HeapDumpOnOutOfMemoryError -Xmx1024m -Dfile.encoding=windows-1252 -Duser.country=US -Duser.language=en -Duser.variant
Launcher Type: SUN_STANDARD

Environment Variables:
PATH=C:\ProgramData\Oracle\Java\javapath;C:\Program Files\Dell\DW WLAN Card;C:\WINDOWS\system32;C:\WINDOWS;C:\WINDOWS\System32\Wbem;C:\WINDOWS\System32\WindowsPowerShell\v1.0\;c:\Program Files (x86)\Microsoft SQL Server\100\Tools\Binn\;c:\Program Files\Microsoft SQL Server\100\Tools\Binn\;c:\Program Files\Microsoft SQL Server\100\DTS\Binn\;C:\opencv\build\x64\vc12\bin
USERNAME=SandyB
OS=Windows_NT
PROCESSOR_IDENTIFIER=Intel64 Family 6 Model 42 Stepping 7, GenuineIntel



---------------  S Y S T E M  ---------------

OS: Windows 8.1 , 64 bit Build 9600 

CPU:total 4 (2 cores per cpu, 2 threads per core) family 6 model 42 stepping 7, cmov, cx8, fxsr, mmx, sse, sse2, sse3, ssse3, sse4.1, sse4.2, popcnt, avx, ht, tsc, tscinvbit

Memory: 4k page, physical 4100372k(905528k free), swap 16683284k(5152k free)

vm_info: Java HotSpot(TM) 64-Bit Server VM (24.79-b02) for windows-amd64 JRE (1.7.0_79-b15), built on Apr 10 2015 12:36:16 by "java_re" with unknown MS VC++:1600

time: Sun Mar 20 01:13:01 2016
elapsed time: 12 seconds

